<?xml version="1.0" encoding="UTF-8" ?>
<testsuite tests="5" failures="0" name="Lab1_Conv.Converter_Test" time="0.004" errors="0" skipped="0">
  <properties>
[...]
</properties>
  <testcase classname="Lab1_Conv.Converter_Test" name="test_main" time="0.004"/>
  <testcase classname="Lab1_Conv.Converter_Test" name="test_miles_to_kms" time="0"/>
  <testcase classname="Lab1_Conv.Converter_Test" name="test_fahr_to_celc" time="0"/>
  <testcase classname="Lab1_Conv.Converter_Test" name="test_kms_to_miles" time="0"/>
  <testcase classname="Lab1_Conv.Converter_Test" name="test_celc_to_fahr" time="0"/>
</testsuite>